TN:
SF:src/fileUtils.ts
FN:9,getEditorForFile
FN:11,(anonymous_1)
FN:20,formatAsFilename
FN:40,touchFileAtPath
FNF:4
FNH:0
FNDA:0,getEditorForFile
FNDA:0,(anonymous_1)
FNDA:0,formatAsFilename
FNDA:0,touchFileAtPath
DA:2,1
DA:9,1
DA:10,0
DA:11,0
DA:12,0
DA:14,0
DA:17,0
DA:22,0
DA:25,0
DA:28,0
DA:29,0
DA:31,0
DA:41,0
DA:42,0
DA:43,0
DA:45,0
DA:46,0
DA:50,0
DA:51,0
DA:52,0
DA:53,0
DA:54,0
DA:56,0
DA:57,0
DA:62,0
DA:64,0
DA:65,0
DA:68,0
LF:28
LH:2
BRDA:12,0,0,0
BRDA:12,1,0,0
BRDA:12,1,1,0
BRDA:45,2,0,0
BRDA:56,3,0,0
BRDA:56,4,0,0
BRDA:56,4,1,0
BRDA:64,5,0,0
BRDA:64,6,0,0
BRDA:64,6,1,0
BRF:10
BRH:0
end_of_record
TN:
SF:src/main.ts
FN:37,(anonymous_0)
FN:41,(anonymous_1)
FN:52,(anonymous_3)
FN:52,(anonymous_4)
FN:71,(anonymous_5)
FN:75,(anonymous_6)
FN:79,(anonymous_8)
FN:85,(anonymous_10)
FN:88,(anonymous_11)
FN:88,(anonymous_12)
FN:98,(anonymous_13)
FN:106,(anonymous_14)
FN:110,(anonymous_15)
FN:122,(anonymous_16)
FN:129,(anonymous_17)
FN:150,(anonymous_18)
FN:156,(anonymous_19)
FN:165,(anonymous_20)
FN:173,(anonymous_21)
FNF:19
FNH:7
FNDA:7,(anonymous_0)
FNDA:0,(anonymous_1)
FNDA:0,(anonymous_3)
FNDA:0,(anonymous_4)
FNDA:0,(anonymous_5)
FNDA:1,(anonymous_6)
FNDA:1,(anonymous_8)
FNDA:3,(anonymous_10)
FNDA:0,(anonymous_11)
FNDA:0,(anonymous_12)
FNDA:4,(anonymous_13)
FNDA:1,(anonymous_14)
FNDA:1,(anonymous_15)
FNDA:0,(anonymous_16)
FNDA:0,(anonymous_17)
FNDA:0,(anonymous_18)
FNDA:0,(anonymous_19)
FNDA:0,(anonymous_20)
FNDA:0,(anonymous_21)
DA:1,1
DA:2,1
DA:7,1
DA:8,1
DA:37,1
DA:39,7
DA:42,0
DA:45,0
DA:46,0
DA:49,0
DA:52,0
DA:53,0
DA:54,0
DA:55,0
DA:56,0
DA:61,0
DA:64,0
DA:72,0
DA:76,1
DA:80,1
DA:82,1
DA:86,3
DA:87,3
DA:88,2
DA:89,0
DA:90,0
DA:91,0
DA:92,0
DA:94,2
DA:99,4
DA:100,1
DA:101,1
DA:107,1
DA:111,1
DA:112,1
DA:113,1
DA:115,1
DA:116,1
DA:117,0
DA:119,1
DA:123,0
DA:124,0
DA:127,0
DA:129,0
DA:130,0
DA:132,0
DA:133,0
DA:134,0
DA:135,0
DA:136,0
DA:139,0
DA:141,0
DA:142,0
DA:146,0
DA:147,0
DA:149,0
DA:150,0
DA:151,0
DA:152,0
DA:153,0
DA:155,0
DA:156,0
DA:157,0
DA:159,0
DA:161,0
DA:165,0
DA:166,0
DA:170,0
DA:174,0
DA:177,0
DA:178,0
DA:179,0
DA:180,0
DA:181,0
DA:185,0
DA:186,0
DA:192,0
DA:193,0
DA:194,0
DA:197,0
DA:198,0
DA:199,0
DA:200,0
DA:201,0
DA:203,0
DA:204,0
DA:205,0
DA:208,0
DA:209,0
DA:210,0
DA:214,0
DA:215,0
DA:216,0
DA:220,0
DA:221,0
DA:222,0
DA:240,0
DA:241,0
DA:242,0
DA:243,0
DA:245,0
DA:248,0
DA:249,0
DA:250,0
DA:251,0
DA:252,0
DA:253,0
DA:254,0
DA:255,0
DA:257,0
DA:259,0
DA:260,0
DA:264,0
DA:265,0
DA:266,0
DA:269,0
DA:271,0
DA:272,0
DA:273,0
DA:274,0
DA:277,0
DA:278,0
DA:282,0
DA:284,0
DA:285,0
DA:287,0
DA:288,0
DA:289,0
DA:290,0
DA:292,0
DA:293,0
DA:295,0
DA:298,0
DA:299,0
DA:300,0
DA:302,0
DA:303,0
DA:305,0
DA:306,0
DA:308,0
DA:317,0
DA:319,0
DA:320,0
DA:321,0
DA:323,0
DA:324,0
DA:327,0
DA:328,0
DA:329,0
DA:331,0
DA:332,0
DA:333,0
DA:334,0
DA:335,0
DA:342,0
DA:345,0
DA:346,0
DA:348,0
DA:351,0
DA:356,0
DA:357,0
DA:358,0
DA:360,0
DA:361,0
DA:362,0
DA:365,0
DA:366,0
DA:367,0
DA:369,0
DA:374,0
DA:375,0
DA:376,0
DA:378,0
DA:379,0
DA:380,0
DA:382,0
DA:383,0
DA:385,0
DA:390,0
DA:391,0
DA:393,0
DA:395,0
DA:396,0
LF:183
LH:23
BRDA:87,0,0,2
BRDA:87,1,0,3
BRDA:87,1,1,2
BRDA:90,2,0,0
BRDA:92,3,0,0
BRDA:99,4,0,1
BRDA:116,5,0,0
BRDA:123,6,0,0
BRDA:123,7,0,0
BRDA:123,7,1,0
BRDA:123,7,2,0
BRDA:130,8,0,0
BRDA:130,9,0,0
BRDA:130,9,1,0
BRDA:133,10,0,0
BRDA:133,10,1,0
BRDA:133,11,0,0
BRDA:133,11,1,0
BRDA:135,12,0,0
BRDA:139,13,0,0
BRDA:139,13,1,0
BRDA:139,13,2,0
BRDA:139,13,3,0
BRDA:139,13,4,0
BRDA:141,14,0,0
BRDA:141,14,1,0
BRDA:141,15,0,0
BRDA:141,15,1,0
BRDA:141,16,0,0
BRDA:141,16,1,0
BRDA:147,17,0,0
BRDA:147,17,1,0
BRDA:149,18,0,0
BRDA:151,19,0,0
BRDA:152,20,0,0
BRDA:152,20,1,0
BRDA:157,21,0,0
BRDA:157,21,1,0
BRDA:159,22,0,0
BRDA:159,22,1,0
BRDA:179,23,0,0
BRDA:185,24,0,0
BRDA:185,25,0,0
BRDA:185,25,1,0
BRDA:192,26,0,0
BRDA:203,27,0,0
BRDA:241,28,0,0
BRDA:241,29,0,0
BRDA:241,29,1,0
BRDA:248,30,0,0
BRDA:248,30,1,0
BRDA:250,31,0,0
BRDA:250,31,1,0
BRDA:252,32,0,0
BRDA:252,32,1,0
BRDA:254,33,0,0
BRDA:254,33,1,0
BRDA:264,34,0,0
BRDA:264,35,0,0
BRDA:264,35,1,0
BRDA:271,36,0,0
BRDA:273,37,0,0
BRDA:284,38,0,0
BRDA:284,38,1,0
BRDA:288,39,0,0
BRDA:288,39,1,0
BRDA:289,40,0,0
BRDA:289,40,1,0
BRDA:290,41,0,0
BRDA:290,41,1,0
BRDA:290,42,0,0
BRDA:290,42,1,0
BRDA:292,43,0,0
BRDA:292,44,0,0
BRDA:292,44,1,0
BRDA:298,45,0,0
BRDA:298,45,1,0
BRDA:299,46,0,0
BRDA:299,46,1,0
BRDA:305,47,0,0
BRDA:308,48,0,0
BRDA:308,48,1,0
BRDA:308,49,0,0
BRDA:308,49,1,0
BRDA:323,50,0,0
BRDA:328,51,0,0
BRDA:328,51,1,0
BRDA:333,52,0,0
BRDA:334,53,0,0
BRDA:357,54,0,0
BRDA:357,54,1,0
BRDA:358,55,0,0
BRDA:358,55,1,0
BRDA:360,56,0,0
BRDA:360,56,1,0
BRDA:360,57,0,0
BRDA:360,57,1,0
BRDA:361,58,0,0
BRDA:361,59,0,0
BRDA:361,59,1,0
BRDA:374,60,0,0
BRDA:375,61,0,0
BRDA:396,62,0,0
BRF:103
BRH:4
end_of_record
TN:
SF:src/settings.ts
FN:27,(anonymous_0)
FN:32,(anonymous_1)
FN:41,(anonymous_2)
FN:44,(anonymous_3)
FN:44,(anonymous_4)
FN:53,(anonymous_5)
FN:55,(anonymous_6)
FN:55,(anonymous_7)
FN:65,(anonymous_8)
FN:68,(anonymous_9)
FN:68,(anonymous_10)
FN:81,(anonymous_11)
FN:83,(anonymous_12)
FN:83,(anonymous_13)
FN:91,(anonymous_14)
FN:94,(anonymous_15)
FN:94,(anonymous_16)
FN:101,(anonymous_17)
FN:104,(anonymous_18)
FN:104,(anonymous_19)
FNF:20
FNH:0
FNDA:0,(anonymous_0)
FNDA:0,(anonymous_1)
FNDA:0,(anonymous_2)
FNDA:0,(anonymous_3)
FNDA:0,(anonymous_4)
FNDA:0,(anonymous_5)
FNDA:0,(anonymous_6)
FNDA:0,(anonymous_7)
FNDA:0,(anonymous_8)
FNDA:0,(anonymous_9)
FNDA:0,(anonymous_10)
FNDA:0,(anonymous_11)
FNDA:0,(anonymous_12)
FNDA:0,(anonymous_13)
FNDA:0,(anonymous_14)
FNDA:0,(anonymous_15)
FNDA:0,(anonymous_16)
FNDA:0,(anonymous_17)
FNDA:0,(anonymous_18)
FNDA:0,(anonymous_19)
DA:1,1
DA:14,1
DA:24,1
DA:28,0
DA:29,0
DA:33,0
DA:35,0
DA:36,0
DA:38,0
DA:41,0
DA:44,0
DA:45,0
DA:46,0
DA:50,0
DA:53,0
DA:55,0
DA:56,0
DA:57,0
DA:62,0
DA:65,0
DA:68,0
DA:69,0
DA:70,0
DA:71,0
DA:72,0
DA:74,0
DA:78,0
DA:81,0
DA:83,0
DA:84,0
DA:85,0
DA:88,0
DA:91,0
DA:94,0
DA:95,0
DA:96,0
DA:98,0
DA:101,0
DA:104,0
DA:105,0
DA:106,0
LF:41
LH:3
BRDA:70,0,0,0
BRDA:70,0,1,0
BRDA:70,1,0,0
BRDA:70,1,1,0
BRF:4
BRH:0
end_of_record
TN:
SF:src/textUtils.ts
FN:4,getHeadingLevel
FN:9,toHeading
FN:14,getTab
FN:21,groupBy
FN:25,(anonymous_4)
FN:33,updateSection
FN:110,updateProperties
FNF:7
FNH:0
FNDA:0,getHeadingLevel
FNDA:0,toHeading
FNDA:0,getTab
FNDA:0,groupBy
FNDA:0,(anonymous_4)
FNDA:0,updateSection
FNDA:0,updateProperties
DA:2,1
DA:4,1
DA:5,0
DA:6,0
DA:9,1
DA:10,0
DA:11,0
DA:14,1
DA:15,0
DA:16,0
DA:18,0
DA:21,1
DA:25,0
DA:26,0
DA:27,0
DA:28,0
DA:29,0
DA:33,1
DA:39,0
DA:41,0
DA:42,0
DA:43,0
DA:45,0
DA:46,0
DA:48,0
DA:49,0
DA:50,0
DA:51,0
DA:52,0
DA:53,0
DA:54,0
DA:55,0
DA:60,0
DA:61,0
DA:65,0
DA:66,0
DA:68,0
DA:72,0
DA:73,0
DA:75,0
DA:76,0
DA:77,0
DA:82,0
DA:84,0
DA:86,0
DA:88,0
DA:94,0
DA:110,1
DA:115,0
DA:116,0
DA:117,0
DA:118,0
DA:121,0
DA:122,0
DA:123,0
DA:128,0
DA:129,0
DA:130,0
DA:135,0
LF:59
LH:7
BRDA:4,0,0,0
BRDA:6,1,0,0
BRDA:6,1,1,0
BRDA:15,2,0,0
BRDA:27,3,0,0
BRDA:27,3,1,0
BRDA:49,4,0,0
BRDA:49,4,1,0
BRDA:51,5,0,0
BRDA:53,6,0,0
BRDA:53,7,0,0
BRDA:53,7,1,0
BRDA:53,7,2,0
BRDA:61,8,0,0
BRDA:65,9,0,0
BRDA:65,9,1,0
BRDA:68,10,0,0
BRDA:68,10,1,0
BRDA:82,11,0,0
BRDA:82,11,1,0
BRDA:86,12,0,0
BRDA:86,12,1,0
BRDA:122,13,0,0
BRDA:128,14,0,0
BRDA:128,15,0,0
BRDA:128,15,1,0
BRF:26
BRH:0
end_of_record
TN:
SF:src/services/FileSystemService.ts
FN:5,(anonymous_0)
FN:7,(anonymous_1)
FN:11,(anonymous_3)
FN:15,(anonymous_5)
FN:19,(anonymous_7)
FNF:5
FNH:5
FNDA:5,(anonymous_0)
FNDA:2,(anonymous_1)
FNDA:1,(anonymous_3)
FNDA:1,(anonymous_5)
FNDA:1,(anonymous_7)
DA:2,2
DA:4,2
DA:5,5
DA:8,2
DA:12,1
DA:16,1
DA:20,1
LF:7
LH:7
BRF:0
BRH:0
end_of_record
TN:
SF:src/services/GranolaApiService.ts
FN:5,(anonymous_0)
FN:9,(anonymous_1)
FNF:2
FNH:2
FNDA:3,(anonymous_0)
FNDA:3,(anonymous_1)
DA:1,2
DA:5,2
DA:6,3
DA:7,3
DA:10,3
DA:28,2
DA:29,2
DA:30,1
DA:33,1
LF:9
LH:9
BRDA:29,0,0,1
BRDA:29,1,0,2
BRDA:29,1,1,2
BRF:3
BRH:3
end_of_record
TN:
SF:src/services/MarkdownConverterService.ts
FN:5,(anonymous_0)
FN:12,(anonymous_1)
FN:31,(anonymous_2)
FN:37,(anonymous_3)
FN:46,(anonymous_4)
FNF:5
FNH:5
FNDA:6,(anonymous_0)
FNDA:25,(anonymous_1)
FNDA:3,(anonymous_2)
FNDA:3,(anonymous_3)
FNDA:6,(anonymous_4)
DA:4,2
DA:6,6
DA:7,2
DA:10,4
DA:12,4
DA:13,25
DA:15,25
DA:16,25
DA:17,15
DA:18,10
DA:19,10
DA:22,25
DA:24,2
DA:25,2
DA:27,8
DA:28,8
DA:30,2
DA:31,2
DA:32,3
DA:33,3
DA:34,3
DA:36,0
DA:37,3
DA:38,2
DA:40,10
DA:42,3
DA:46,4
DA:47,6
DA:50,4
LF:29
LH:28
BRDA:6,0,0,2
BRDA:6,1,0,6
BRDA:6,1,1,4
BRDA:6,1,2,4
BRDA:13,2,0,0
BRDA:13,3,0,25
BRDA:13,3,1,25
BRDA:16,4,0,15
BRDA:16,4,1,10
BRDA:16,5,0,25
BRDA:16,5,1,15
BRDA:18,6,0,10
BRDA:22,7,0,2
BRDA:22,7,1,8
BRDA:22,7,2,2
BRDA:22,7,3,10
BRDA:22,7,4,3
BRDA:24,8,0,2
BRDA:24,8,1,0
BRDA:24,9,0,0
BRDA:24,9,1,2
BRDA:24,10,0,2
BRDA:24,10,1,2
BRDA:28,11,0,8
BRDA:28,11,1,0
BRDA:30,12,0,0
BRDA:32,13,0,3
BRDA:33,14,0,3
BRDA:33,14,1,0
BRDA:38,15,0,2
BRDA:38,15,1,0
BRDA:40,16,0,10
BRDA:40,16,1,0
BRF:33
BRH:25
end_of_record
